  AudioChunker.cpp
E:\CLASE\Programacion\gauntlet\Projecto16-01\juego\AudioManager.h(7,10): fatal  error C1083: No se puede abrir el archivo incluir: 'SDL_mixer.h': No such file or directory
  AudioManager.cpp
E:\CLASE\Programacion\gauntlet\Projecto16-01\juego\AudioManager.h(7,10): fatal  error C1083: No se puede abrir el archivo incluir: 'SDL_mixer.h': No such file or directory
  Character.cpp
E:\CLASE\Programacion\gauntlet\Projecto16-01\juego\VideoManager.h(2,10): fatal  error C1083: No se puede abrir el archivo incluir: 'SDL.h': No such file or directory
  InputManager.cpp
E:\CLASE\Programacion\gauntlet\Projecto16-01\juego\InputManager.h(2,10): fatal  error C1083: No se puede abrir el archivo incluir: 'SDL.h': No such file or directory
  ResourceManager.cpp
E:\CLASE\Programacion\gauntlet\Projecto16-01\juego\ResourceManager.h(7,10): fatal  error C1083: No se puede abrir el archivo incluir: 'SDL.h': No such file or directory
  mainTestScenes.cpp
E:\CLASE\Programacion\gauntlet\Projecto16-01\juego\VideoManager.h(2,10): fatal  error C1083: No se puede abrir el archivo incluir: 'SDL.h': No such file or directory
  SceneDirector.cpp
E:\CLASE\Programacion\gauntlet\Projecto16-01\juego\SceneDirector.h(2,10): fatal  error C1083: No se puede abrir el archivo incluir: 'SDL.h': No such file or directory
  SoundManager.cpp
E:\CLASE\Programacion\gauntlet\Projecto16-01\juego\SoundManager.h(3,10): fatal  error C1083: No se puede abrir el archivo incluir: 'SDL.h': No such file or directory
  tinyxml2.cpp
  VideoManager.cpp
E:\CLASE\Programacion\gauntlet\Projecto16-01\juego\VideoManager.h(2,10): fatal  error C1083: No se puede abrir el archivo incluir: 'SDL.h': No such file or directory
  XMLReader.cpp
  Generando código...
