  CambioNivel.cpp
E:\CLASE\Programacion\gauntlet\Projecto16-01\juego\CambioNivel.cpp(32,66): warning C4244: 'argumento': conversión de 'float' a 'int'; posible pérdida de datos
E:\CLASE\Programacion\gauntlet\Projecto16-01\juego\CambioNivel.cpp(32,59): warning C4244: 'argumento': conversión de 'float' a 'int'; posible pérdida de datos
E:\CLASE\Programacion\gauntlet\Projecto16-01\juego\CambioNivel.cpp(46,13): warning C4244: 'return': conversión de 'double' a 'float'; posible pérdida de datos
  CargarMapas.cpp
E:\CLASE\Programacion\gauntlet\Projecto16-01\juego\CargarMapas.cpp(116,28): warning C4018: '<': no coinciden signed/unsigned
E:\CLASE\Programacion\gauntlet\Projecto16-01\juego\CargarMapas.cpp(118,39): warning C4018: '<': no coinciden signed/unsigned
  Character.cpp
E:\CLASE\Programacion\gauntlet\Projecto16-01\juego\Character.cpp(54,64): warning C4244: 'argumento': conversión de 'float' a 'int'; posible pérdida de datos
E:\CLASE\Programacion\gauntlet\Projecto16-01\juego\Character.cpp(54,57): warning C4244: 'argumento': conversión de 'float' a 'int'; posible pérdida de datos
E:\CLASE\Programacion\gauntlet\Projecto16-01\juego\Character.cpp(57,20): warning C4018: '<': no coinciden signed/unsigned
E:\CLASE\Programacion\gauntlet\Projecto16-01\juego\Character.cpp(59,75): warning C4244: 'argumento': conversión de 'const float' a 'int'; posible pérdida de datos
E:\CLASE\Programacion\gauntlet\Projecto16-01\juego\Character.cpp(59,61): warning C4244: 'argumento': conversión de 'const float' a 'int'; posible pérdida de datos
E:\CLASE\Programacion\gauntlet\Projecto16-01\juego\Character.cpp(75,20): warning C4018: '<': no coinciden signed/unsigned
E:\CLASE\Programacion\gauntlet\Projecto16-01\juego\Character.cpp(172,20): warning C4018: '<': no coinciden signed/unsigned
  Enemy.cpp
E:\CLASE\Programacion\gauntlet\Projecto16-01\juego\Enemy.cpp(48,60): warning C4244: 'argumento': conversión de 'float' a 'int'; posible pérdida de datos
E:\CLASE\Programacion\gauntlet\Projecto16-01\juego\Enemy.cpp(48,53): warning C4244: 'argumento': conversión de 'float' a 'int'; posible pérdida de datos
E:\CLASE\Programacion\gauntlet\Projecto16-01\juego\Enemy.cpp(67,18): warning C4244: '=': conversión de 'int' a 'float'; posible pérdida de datos
E:\CLASE\Programacion\gauntlet\Projecto16-01\juego\Enemy.cpp(68,18): warning C4244: '=': conversión de 'int' a 'float'; posible pérdida de datos
E:\CLASE\Programacion\gauntlet\Projecto16-01\juego\Enemy.cpp(75,13): warning C4244: 'return': conversión de 'double' a 'float'; posible pérdida de datos
E:\CLASE\Programacion\gauntlet\Projecto16-01\juego\Enemy.cpp(83,17): warning C4244: 'inicializando': conversión de 'double' a 'float'; posible pérdida de datos
  SceneDirector.cpp
  SceneGame.cpp
E:\CLASE\Programacion\gauntlet\Projecto16-01\juego\SceneGame.cpp(11,20): warning C4018: '<': no coinciden signed/unsigned
E:\CLASE\Programacion\gauntlet\Projecto16-01\juego\SceneGame.cpp(50,9): warning C4244: 'inicializando': conversión de 'float' a 'int'; posible pérdida de datos
E:\CLASE\Programacion\gauntlet\Projecto16-01\juego\SceneGame.cpp(51,9): warning C4244: 'inicializando': conversión de 'float' a 'int'; posible pérdida de datos
E:\CLASE\Programacion\gauntlet\Projecto16-01\juego\SceneGame.cpp(75,20): warning C4018: '<': no coinciden signed/unsigned
E:\CLASE\Programacion\gauntlet\Projecto16-01\juego\SceneGame.cpp(102,20): warning C4018: '<': no coinciden signed/unsigned
  Generando código
  2 of 970 functions ( 0.2%) were compiled, the rest were copied from previous compilation.
    0 functions were new in current compilation
    0 functions had inline decision re-evaluated but remain unchanged
  Generación de código finalizada
  juego.vcxproj -> E:\CLASE\Programacion\gauntlet\Projecto16-01\juego\Release\juego.exe
